<?xml version="1.0" encoding="UTF-8"?>
<testsuite xmlns:xsi="http://www.w3.org/2001/XMLSchema-instance" xsi:noNamespaceSchemaLocation="https://maven.apache.org/surefire/maven-surefire-plugin/xsd/surefire-test-report-3.0.xsd" version="3.0" name="com.library.librarypurchaseservice.LibraryPurchaseServiceApplicationTests" time="2.484" tests="1" errors="0" skipped="0" failures="0">
  <properties>
[...]
</properties>
  <testcase name="contextLoads" classname="com.library.librarypurchaseservice.LibraryPurchaseServiceApplicationTests" time="0.451">
    <system-out><![CDATA[19:30:06.071 [main] INFO org.springframework.test.context.support.AnnotationConfigContextLoaderUtils -- Could not detect default configuration classes for test class [com.library.librarypurchaseservice.LibraryPurchaseServiceApplicationTests]: LibraryPurchaseServiceApplicationTests does not declare any static, non-private, non-final, nested classes annotated with @Configuration.
19:30:06.114 [main] INFO org.springframework.boot.test.context.SpringBootTestContextBootstrapper -- Found @SpringBootConfiguration com.library.librarypurchaseservice.LibraryPurchaseServiceApplication for test class com.library.librarypurchaseservice.LibraryPurchaseServiceApplicationTests
  .   ____          _            __ _ _
 /\\ / ___'_ __ _ _(_)_ __  __ _ \ \ \ \
( ( )\___ | '_ | '_| | '_ \/ _` | \ \ \ \
 \\/  ___)| |_)| | | | | || (_| |  ) ) ) )
  '  |____| .__|_| |_|_| |_\__, | / / / /
 =========|_|==============|___/=/_/_/_/

 :: Spring Boot ::                (v3.3.0)

2024-06-21T19:30:06.320+05:00  INFO 1680 --- [Library-purchase-service] [           main] l.LibraryPurchaseServiceApplicationTests : Starting LibraryPurchaseServiceApplicationTests using Java 21.0.3 with PID 1680 (started by abdulaxad in /Users/abdulaxad/eclipse-workspace/Library-purchase-service)
2024-06-21T19:30:06.320+05:00  INFO 1680 --- [Library-purchase-service] [           main] l.LibraryPurchaseServiceApplicationTests : No active profile set, falling back to 1 default profile: "default"
2024-06-21T19:30:06.646+05:00  INFO 1680 --- [Library-purchase-service] [           main] .s.d.r.c.RepositoryConfigurationDelegate : Bootstrapping Spring Data MongoDB repositories in DEFAULT mode.
2024-06-21T19:30:06.715+05:00  INFO 1680 --- [Library-purchase-service] [           main] .s.d.r.c.RepositoryConfigurationDelegate : Finished Spring Data repository scanning in 67 ms. Found 1 MongoDB repository interface.
2024-06-21T19:30:06.849+05:00  INFO 1680 --- [Library-purchase-service] [           main] o.s.cloud.context.scope.GenericScope     : BeanFactory id=e82b4f2b-6aa4-32b8-bc0f-4bc293627c20
2024-06-21T19:30:06.896+05:00  WARN 1680 --- [Library-purchase-service] [           main] trationDelegate$BeanPostProcessorChecker : Bean 'org.springframework.cloud.client.loadbalancer.LoadBalancerAutoConfiguration$DeferringLoadBalancerInterceptorConfig' of type [org.springframework.cloud.client.loadbalancer.LoadBalancerAutoConfiguration$DeferringLoadBalancerInterceptorConfig] is not eligible for getting processed by all BeanPostProcessors (for example: not eligible for auto-proxying). The currently created BeanPostProcessor [lbRestClientPostProcessor] is declared through a non-static factory method on that class; consider declaring it as static instead.
2024-06-21T19:30:06.897+05:00  WARN 1680 --- [Library-purchase-service] [           main] trationDelegate$BeanPostProcessorChecker : Bean 'deferringLoadBalancerInterceptor' of type [org.springframework.cloud.client.loadbalancer.DeferringLoadBalancerInterceptor] is not eligible for getting processed by all BeanPostProcessors (for example: not eligible for auto-proxying). Is this bean getting eagerly injected into a currently created BeanPostProcessor [lbRestClientPostProcessor]? Check the corresponding BeanPostProcessor declaration and its dependencies.
2024-06-21T19:30:07.128+05:00  INFO 1680 --- [Library-purchase-service] [           main] org.mongodb.driver.client                : MongoClient with metadata {"application": {"name": "Abdulaxad"}, "driver": {"name": "mongo-java-driver|sync|spring-boot", "version": "5.0.1"}, "os": {"type": "Darwin", "name": "Mac OS X", "architecture": "aarch64", "version": "14.5"}, "platform": "Java/Homebrew/21.0.3"} created with settings MongoClientSettings{readPreference=primary, writeConcern=WriteConcern{w=majority, wTimeout=null ms, journal=null}, retryWrites=true, retryReads=true, readConcern=ReadConcern{level=null}, credential=MongoCredential{mechanism=null, userName='root', source='admin', password=<hidden>, mechanismProperties=<hidden>}, transportSettings=null, commandListeners=[], codecRegistry=ProvidersCodecRegistry{codecProviders=[ValueCodecProvider{}, BsonValueCodecProvider{}, DBRefCodecProvider{}, DBObjectCodecProvider{}, DocumentCodecProvider{}, CollectionCodecProvider{}, IterableCodecProvider{}, MapCodecProvider{}, GeoJsonCodecProvider{}, GridFSFileCodecProvider{}, Jsr310CodecProvider{}, JsonObjectCodecProvider{}, BsonCodecProvider{}, EnumCodecProvider{}, com.mongodb.client.model.mql.ExpressionCodecProvider@3daf03d8, com.mongodb.Jep395RecordCodecProvider@510689af, com.mongodb.KotlinCodecProvider@2415e4c7]}, loggerSettings=LoggerSettings{maxDocumentLength=1000}, clusterSettings={hosts=[127.0.0.1:27017], srvHost=abdulaxad.jgk5c4k.mongodb.net, srvServiceName=mongodb, mode=MULTIPLE, requiredClusterType=REPLICA_SET, requiredReplicaSetName='atlas-esgp3p-shard-0', serverSelector='null', clusterListeners='[]', serverSelectionTimeout='30000 ms', localThreshold='15 ms'}, socketSettings=SocketSettings{connectTimeoutMS=10000, readTimeoutMS=0, receiveBufferSize=0, proxySettings=ProxySettings{host=null, port=null, username=null, password=null}}, heartbeatSocketSettings=SocketSettings{connectTimeoutMS=10000, readTimeoutMS=10000, receiveBufferSize=0, proxySettings=ProxySettings{host=null, port=null, username=null, password=null}}, connectionPoolSettings=ConnectionPoolSettings{maxSize=100, minSize=0, maxWaitTimeMS=120000, maxConnectionLifeTimeMS=0, maxConnectionIdleTimeMS=0, maintenanceInitialDelayMS=0, maintenanceFrequencyMS=60000, connectionPoolListeners=[], maxConnecting=2}, serverSettings=ServerSettings{heartbeatFrequencyMS=10000, minHeartbeatFrequencyMS=500, serverListeners='[]', serverMonitorListeners='[]'}, sslSettings=SslSettings{enabled=true, invalidHostNameAllowed=false, context=null}, applicationName='Abdulaxad', compressorList=[], uuidRepresentation=JAVA_LEGACY, serverApi=null, autoEncryptionSettings=null, dnsClient=null, inetAddressResolver=null, contextProvider=null}
2024-06-21T19:30:07.234+05:00  INFO 1680 --- [Library-purchase-service] [c4k.mongodb.net] org.mongodb.driver.cluster               : Adding discovered server ac-bcngebi-shard-00-02.jgk5c4k.mongodb.net:27017 to client view of cluster
2024-06-21T19:30:07.249+05:00  INFO 1680 --- [Library-purchase-service] [c4k.mongodb.net] org.mongodb.driver.cluster               : Adding discovered server ac-bcngebi-shard-00-01.jgk5c4k.mongodb.net:27017 to client view of cluster
2024-06-21T19:30:07.251+05:00  INFO 1680 --- [Library-purchase-service] [c4k.mongodb.net] org.mongodb.driver.cluster               : Adding discovered server ac-bcngebi-shard-00-00.jgk5c4k.mongodb.net:27017 to client view of cluster
2024-06-21T19:30:07.395+05:00  INFO 1680 --- [Library-purchase-service] [           main] o.s.c.openfeign.FeignClientFactoryBean   : For 'LIBRARY-SEARCH-SERVICE' URL not provided. Will try picking an instance via load-balancing.
2024-06-21T19:30:07.737+05:00  INFO 1680 --- [Library-purchase-service] [           main] DiscoveryClientOptionalArgsConfiguration : Eureka HTTP Client uses RestTemplate.
2024-06-21T19:30:07.751+05:00  WARN 1680 --- [Library-purchase-service] [           main] iguration$LoadBalancerCaffeineWarnLogger : Spring Cloud LoadBalancer is currently working with the default cache. While this cache implementation is useful for development and tests, it's recommended to use Caffeine cache in production.You can switch to using Caffeine cache, by adding it and org.springframework.cache.caffeine.CaffeineCacheManager to the classpath.
2024-06-21T19:30:07.767+05:00  INFO 1680 --- [Library-purchase-service] [           main] o.s.c.n.eureka.InstanceInfoFactory       : Setting initial instance status as: STARTING
2024-06-21T19:30:07.841+05:00  INFO 1680 --- [Library-purchase-service] [           main] com.netflix.discovery.DiscoveryClient    : Initializing Eureka in region us-east-1
2024-06-21T19:30:07.843+05:00  INFO 1680 --- [Library-purchase-service] [           main] c.n.d.s.r.aws.ConfigClusterResolver      : Resolving eureka endpoints via configuration
2024-06-21T19:30:07.853+05:00  INFO 1680 --- [Library-purchase-service] [           main] com.netflix.discovery.DiscoveryClient    : Disable delta property : false
2024-06-21T19:30:07.853+05:00  INFO 1680 --- [Library-purchase-service] [           main] com.netflix.discovery.DiscoveryClient    : Single vip registry refresh property : null
2024-06-21T19:30:07.853+05:00  INFO 1680 --- [Library-purchase-service] [           main] com.netflix.discovery.DiscoveryClient    : Force full registry fetch : false
2024-06-21T19:30:07.853+05:00  INFO 1680 --- [Library-purchase-service] [           main] com.netflix.discovery.DiscoveryClient    : Application is null : false
2024-06-21T19:30:07.853+05:00  INFO 1680 --- [Library-purchase-service] [           main] com.netflix.discovery.DiscoveryClient    : Registered Applications size is zero : true
2024-06-21T19:30:07.853+05:00  INFO 1680 --- [Library-purchase-service] [           main] com.netflix.discovery.DiscoveryClient    : Application version is -1: true
2024-06-21T19:30:07.853+05:00  INFO 1680 --- [Library-purchase-service] [           main] com.netflix.discovery.DiscoveryClient    : Getting all instance registry info from the eureka server
2024-06-21T19:30:07.994+05:00  INFO 1680 --- [Library-purchase-service] [           main] com.netflix.discovery.DiscoveryClient    : The response status is 200
2024-06-21T19:30:07.995+05:00  INFO 1680 --- [Library-purchase-service] [           main] com.netflix.discovery.DiscoveryClient    : Starting heartbeat executor: renew interval is: 30
2024-06-21T19:30:07.996+05:00  INFO 1680 --- [Library-purchase-service] [           main] c.n.discovery.InstanceInfoReplicator     : InstanceInfoReplicator onDemand update allowed rate per min is 4
2024-06-21T19:30:08.000+05:00  INFO 1680 --- [Library-purchase-service] [           main] com.netflix.discovery.DiscoveryClient    : Discovery Client initialized at timestamp 1718980207998 with initial instances count: 5
2024-06-21T19:30:08.001+05:00  INFO 1680 --- [Library-purchase-service] [           main] o.s.c.n.e.s.EurekaServiceRegistry        : Registering application LIBRARY-PURCHASE-SERVICE with eureka with status UP
2024-06-21T19:30:08.002+05:00  INFO 1680 --- [Library-purchase-service] [           main] com.netflix.discovery.DiscoveryClient    : Saw local status change event StatusChangeEvent [timestamp=1718980208002, current=UP, previous=STARTING]
2024-06-21T19:30:08.002+05:00  INFO 1680 --- [Library-purchase-service] [nfoReplicator-0] com.netflix.discovery.DiscoveryClient    : DiscoveryClient_LIBRARY-PURCHASE-SERVICE/abdulaxads-macbook-pro-m1-max.local:Library-purchase-service:8090: registering service...
2024-06-21T19:30:08.011+05:00  INFO 1680 --- [Library-purchase-service] [           main] l.LibraryPurchaseServiceApplicationTests : Started LibraryPurchaseServiceApplicationTests in 1.836 seconds (process running for 2.295)
2024-06-21T19:30:08.025+05:00  INFO 1680 --- [Library-purchase-service] [nfoReplicator-0] com.netflix.discovery.DiscoveryClient    : DiscoveryClient_LIBRARY-PURCHASE-SERVICE/abdulaxads-macbook-pro-m1-max.local:Library-purchase-service:8090 - registration status: 204
]]></system-out>
    <system-err><![CDATA[WARNING: A Java agent has been loaded dynamically (/Users/abdulaxad/.m2/repository/net/bytebuddy/byte-buddy-agent/1.14.16/byte-buddy-agent-1.14.16.jar)
WARNING: If a serviceability tool is in use, please run with -XX:+EnableDynamicAgentLoading to hide this warning
WARNING: If a serviceability tool is not in use, please run with -Djdk.instrument.traceUsage for more information
WARNING: Dynamic loading of agents will be disallowed by default in a future release
]]></system-err>
  </testcase>
</testsuite>